<?xml version='1.0' encoding='UTF-8'?>
<result>
  <suites>
    <suite>
      <file>/var/lib/jenkins/jobs/php_fitnesse_test/workspace/phpunit.xml</file>
      <name>SimpleTest</name>
      <duration>0.006727</duration>
      <cases>
        <case>
          <duration>0.006727</duration>
          <className>SimpleTest</className>
          <testName>testForTruth</testName>
          <skipped>false</skipped>
          <failedSince>0</failedSince>
        </case>
      </cases>
    </suite>
  </suites>
  <duration>0.006727</duration>
  <keepLongStdio>false</keepLongStdio>
</result>